[debug] [2025-11-13T22:43:18.085Z] [Firebase Plugin] Activating Firebase extension.
[debug] [2025-11-13T22:43:19.214Z] [Firebase Plugin] requireAuthWrapper
[debug] [2025-11-13T22:43:19.215Z] > command requires scopes: ["email","openid","https://www.googleapis.com/auth/cloudplatformprojects.readonly","https://www.googleapis.com/auth/firebase","https://www.googleapis.com/auth/cloud-platform"]
[debug] [2025-11-13T22:43:19.234Z] [Firebase Plugin] VSCode notification server listening on port 40001
[error] [Firebase Plugin] requireAuth error: Could not load the default credentials. Browse to https://cloud.google.com/docs/authentication/getting-started for more information.
[info] [Firebase Plugin] Starting Data Connect toolkit (version 2.17.0) on port 50001
[info] i  dataconnect: downloading dataconnect-emulator-2.17.0... {"metadata":{"emulator":{"name":"dataconnect"},"message":"downloading dataconnect-emulator-2.17.0..."}}
[debug] [2025-11-13T22:43:20.316Z] >>> [apiv2][query] GET https://storage.googleapis.com/firemat-preview-drop/emulator/dataconnect-emulator-linux-amd64-v2.17.0 
[debug] [2025-11-13T22:43:20.727Z] <<< [apiv2][status] GET https://storage.googleapis.com/firemat-preview-drop/emulator/dataconnect-emulator-linux-amd64-v2.17.0 200
[debug] [2025-11-13T22:43:20.728Z] <<< [apiv2][body] GET https://storage.googleapis.com/firemat-preview-drop/emulator/dataconnect-emulator-linux-amd64-v2.17.0 [stream]
[debug] [2025-11-13T22:43:21.689Z] I1113 22:43:21.677317    4857 control.go:94] [/emulator/facepass-afhid-service dd8d] UpdateResources(): done
Main schema: sources: schema/schema.gql [2088B] 
Connector "default": sources: example/mutations.gql [1301B] example/queries.gql [1947B] 
 {"metadata":{"emulator":{"name":"dataconnect"},"message":"I1113 22:43:21.677317    4857 control.go:94] [/emulator/facepass-afhid-service dd8d] UpdateResources(): done\nMain schema: sources: schema/schema.gql [2088B] \nConnector \"default\": sources: example/mutations.gql [1301B] example/queries.gql [1947B] \n"}}
[debug] [2025-11-13T22:43:21.690Z] Ignoring unsupported arg: auto_download {"metadata":{"emulator":{"name":"dataconnect"},"message":"Ignoring unsupported arg: auto_download"}}
[debug] [2025-11-13T22:43:21.690Z] Ignoring unsupported arg: port {"metadata":{"emulator":{"name":"dataconnect"},"message":"Ignoring unsupported arg: port"}}
[debug] [2025-11-13T22:43:21.690Z] Starting Data Connect Emulator with command {"binary":"/home/codespace/.cache/firebase/emulators/dataconnect-emulator-2.17.0","args":["--logtostderr","-v=2","dev","--listen=localhost:50001","--config_dir=/workspaces/studiofirebase/dataconnect","--enable_output_schema_extensions=true","--enable_output_generated_sdk=true"],"optionalArgs":["listen","config_dir","enable_output_schema_extensions","enable_output_generated_sdk"],"joinArgs":true,"shell":false,"port":9399} {"metadata":{"emulator":{"name":"dataconnect"},"message":"Starting Data Connect Emulator with command {\"binary\":\"/home/codespace/.cache/firebase/emulators/dataconnect-emulator-2.17.0\",\"args\":[\"--logtostderr\",\"-v=2\",\"dev\",\"--listen=localhost:50001\",\"--config_dir=/workspaces/studiofirebase/dataconnect\",\"--enable_output_schema_extensions=true\",\"--enable_output_generated_sdk=true\"],\"optionalArgs\":[\"listen\",\"config_dir\",\"enable_output_schema_extensions\",\"enable_output_generated_sdk\"],\"joinArgs\":true,\"shell\":false,\"port\":9399}"}}
[info] i  dataconnect: Data Connect Emulator logging to dataconnect-debug.log {"metadata":{"emulator":{"name":"dataconnect"},"message":"Data Connect Emulator logging to dataconnect-debug.log"}}
[debug] [2025-11-13T22:43:21.757Z] I1113 22:43:21.756732    4864 load.go:31] Reloading schema and connectors...
 {"metadata":{"emulator":{"name":"dataconnect"},"message":"I1113 22:43:21.756732    4864 load.go:31] Reloading schema and connectors...\n"}}
[debug] [2025-11-13T22:43:21.791Z] I1113 22:43:21.791702    4864 control.go:94] [/emulator/facepass-afhid-service 6f91] UpdateResources(): done
Main schema: sources: schema/schema.gql [2088B] 
Connector "default": sources: example/mutations.gql [1301B] example/queries.gql [1947B] 
 {"metadata":{"emulator":{"name":"dataconnect"},"message":"I1113 22:43:21.791702    4864 control.go:94] [/emulator/facepass-afhid-service 6f91] UpdateResources(): done\nMain schema: sources: schema/schema.gql [2088B] \nConnector \"default\": sources: example/mutations.gql [1301B] example/queries.gql [1947B] \n"}}
[debug] [2025-11-13T22:43:21.815Z] I1113 22:43:21.815051    4864 codegen.go:80] [connector "default" javascriptSdk] Generating sources into "/workspaces/studiofirebase/src/dataconnect-generated"
 {"metadata":{"emulator":{"name":"dataconnect"},"message":"I1113 22:43:21.815051    4864 codegen.go:80] [connector \"default\" javascriptSdk] Generating sources into \"/workspaces/studiofirebase/src/dataconnect-generated\"\n"}}
[debug] [2025-11-13T22:43:21.825Z] I1113 22:43:21.825618    4864 codegen.go:80] [connector "default" javascriptSdk] Generating sources into "/workspaces/studiofirebase/functions/src/dataconnect-generated"
 {"metadata":{"emulator":{"name":"dataconnect"},"message":"I1113 22:43:21.825618    4864 codegen.go:80] [connector \"default\" javascriptSdk] Generating sources into \"/workspaces/studiofirebase/functions/src/dataconnect-generated\"\n"}}
[debug] [2025-11-13T22:43:21.829Z] I1113 22:43:21.829663    4864 codegen.go:80] [connector "default" javascriptSdk] Generating sources into "/workspaces/studiofirebase/functions/src/src/dataconnect-generated"
 {"metadata":{"emulator":{"name":"dataconnect"},"message":"I1113 22:43:21.829663    4864 codegen.go:80] [connector \"default\" javascriptSdk] Generating sources into \"/workspaces/studiofirebase/functions/src/src/dataconnect-generated\"\n"}}
[debug] [2025-11-13T22:43:21.834Z] I1113 22:43:21.833964    4864 collector.go:107] schema extensions wrote into "/workspaces/studiofirebase/dataconnect/.dataconnect/schema"
Generated sources: prelude.gql [73219B] 
 {"metadata":{"emulator":{"name":"dataconnect"},"message":"I1113 22:43:21.833964    4864 collector.go:107] schema extensions wrote into \"/workspaces/studiofirebase/dataconnect/.dataconnect/schema\"\nGenerated sources: prelude.gql [73219B] \n"}}
[debug] [2025-11-13T22:43:21.836Z] I1113 22:43:21.836505    4864 collector.go:107] connector "default" javascriptSdk wrote into "/workspaces/studiofirebase/src/dataconnect-generated"
Generated sources: react/esm/index.esm.js [0B] .guides/config.json [236B] index.cjs.js [160B] package.json [863B] README.md [2876B] react/index.cjs.js [0B] react/README.md [5454B] esm/index.esm.js [125B] esm/package.json [17B] react/index.d.ts [228B] react/package.json [460B] .guides/usage.md [1318B] .guides/setup.md [1682B] index.d.ts [248B] react/esm/package.json [17B] 
 {"metadata":{"emulator":{"name":"dataconnect"},"message":"I1113 22:43:21.836505    4864 collector.go:107] connector \"default\" javascriptSdk wrote into \"/workspaces/studiofirebase/src/dataconnect-generated\"\nGenerated sources: react/esm/index.esm.js [0B] .guides/config.json [236B] index.cjs.js [160B] package.json [863B] README.md [2876B] react/index.cjs.js [0B] react/README.md [5454B] esm/index.esm.js [125B] esm/package.json [17B] react/index.d.ts [228B] react/package.json [460B] .guides/usage.md [1318B] .guides/setup.md [1682B] index.d.ts [248B] react/esm/package.json [17B] \n"}}
[debug] [2025-11-13T22:43:21.841Z] I1113 22:43:21.841064    4864 installsdk.go:55] Package @dataconnect/generated is already installed. Skipping installation
 {"metadata":{"emulator":{"name":"dataconnect"},"message":"I1113 22:43:21.841064    4864 installsdk.go:55] Package @dataconnect/generated is already installed. Skipping installation\n"}}
[debug] [2025-11-13T22:43:21.843Z] I1113 22:43:21.841930    4864 collector.go:107] connector "default" javascriptSdk wrote into "/workspaces/studiofirebase/functions/src/dataconnect-generated"
Generated sources: esm/index.esm.js [125B] esm/package.json [17B] package.json [637B] index.d.ts [248B] index.cjs.js [160B] README.md [2749B] .guides/usage.md [431B] .guides/setup.md [584B] .guides/config.json [236B] 
I1113 22:43:21.842286    4864 installsdk.go:55] Package @dataconnect/generated is already installed. Skipping installation
I1113 22:43:21.842908    4864 collector.go:107] connector "default" javascriptSdk wrote into "/workspaces/studiofirebase/functions/src/src/dataconnect-generated"
Generated sources: esm/index.esm.js [125B] esm/package.json [17B] .guides/usage.md [431B] .guides/setup.md [584B] index.cjs.js [160B] package.json [637B] README.md [2749B] .guides/config.json [236B] index.d.ts [248B] 
 {"metadata":{"emulator":{"name":"dataconnect"},"message":"I1113 22:43:21.841930    4864 collector.go:107] connector \"default\" javascriptSdk wrote into \"/workspaces/studiofirebase/functions/src/dataconnect-generated\"\nGenerated sources: esm/index.esm.js [125B] esm/package.json [17B] package.json [637B] index.d.ts [248B] index.cjs.js [160B] README.md [2749B] .guides/usage.md [431B] .guides/setup.md [584B] .guides/config.json [236B] \nI1113 22:43:21.842286    4864 installsdk.go:55] Package @dataconnect/generated is already installed. Skipping installation\nI1113 22:43:21.842908    4864 collector.go:107] connector \"default\" javascriptSdk wrote into \"/workspaces/studiofirebase/functions/src/src/dataconnect-generated\"\nGenerated sources: esm/index.esm.js [125B] esm/package.json [17B] .guides/usage.md [431B] .guides/setup.md [584B] index.cjs.js [160B] package.json [637B] README.md [2749B] .guides/config.json [236B] index.d.ts [248B] \n"}}
[debug] [2025-11-13T22:43:21.847Z] I1113 22:43:21.847147    4864 installsdk.go:55] Package @dataconnect/generated is already installed. Skipping installation
 {"metadata":{"emulator":{"name":"dataconnect"},"message":"I1113 22:43:21.847147    4864 installsdk.go:55] Package @dataconnect/generated is already installed. Skipping installation\n"}}
[debug] [2025-11-13T22:43:21.847Z] I1113 22:43:21.847692    4864 load.go:109] Finished reloading
 {"metadata":{"emulator":{"name":"dataconnect"},"message":"I1113 22:43:21.847692    4864 load.go:109] Finished reloading\n"}}
[debug] [2025-11-13T22:43:21.849Z] I1113 22:43:21.848824    4864 dev.go:105] Listening on address (HTTP + gRPC): 127.0.0.1:50001
 {"metadata":{"emulator":{"name":"dataconnect"},"message":"I1113 22:43:21.848824    4864 dev.go:105] Listening on address (HTTP + gRPC): 127.0.0.1:50001\n"}}
[debug] [2025-11-13T22:43:21.944Z] I1113 22:43:21.940947    4864 engine.go:171] [/emulator/facepass-afhid-service 6f91] ExecuteGraphqlRead IntrospectionQuery: succeeded. 
 {"metadata":{"emulator":{"name":"dataconnect"},"message":"I1113 22:43:21.940947    4864 engine.go:171] [/emulator/facepass-afhid-service 6f91] ExecuteGraphqlRead IntrospectionQuery: succeeded. \n"}}
[debug] [2025-11-13T23:34:47.078Z] [Firebase Plugin] Activating Firebase extension.
[debug] [2025-11-13T23:34:48.304Z] [Firebase Plugin] requireAuthWrapper
[debug] [2025-11-13T23:34:48.306Z] > command requires scopes: ["email","openid","https://www.googleapis.com/auth/cloudplatformprojects.readonly","https://www.googleapis.com/auth/firebase","https://www.googleapis.com/auth/cloud-platform"]
[debug] [2025-11-13T23:34:48.336Z] [Firebase Plugin] VSCode notification server listening on port 40002
[error] [Firebase Plugin] requireAuth error: Could not load the default credentials. Browse to https://cloud.google.com/docs/authentication/getting-started for more information.
[info] [Firebase Plugin] Starting Data Connect toolkit (version 2.17.0) on port 50002
[debug] [2025-11-13T23:35:01.443Z] I1113 23:35:01.422095   31383 control.go:94] [/emulator/facepass-afhid-service f750] UpdateResources(): done
Main schema: sources: schema/schema.gql [2088B] 
Connector "default": sources: example/queries.gql [1947B] example/mutations.gql [1301B] 
 {"metadata":{"emulator":{"name":"dataconnect"},"message":"I1113 23:35:01.422095   31383 control.go:94] [/emulator/facepass-afhid-service f750] UpdateResources(): done\nMain schema: sources: schema/schema.gql [2088B] \nConnector \"default\": sources: example/queries.gql [1947B] example/mutations.gql [1301B] \n"}}
[debug] [2025-11-13T23:35:01.444Z] Ignoring unsupported arg: auto_download {"metadata":{"emulator":{"name":"dataconnect"},"message":"Ignoring unsupported arg: auto_download"}}
[debug] [2025-11-13T23:35:01.444Z] Ignoring unsupported arg: port {"metadata":{"emulator":{"name":"dataconnect"},"message":"Ignoring unsupported arg: port"}}
[debug] [2025-11-13T23:35:01.445Z] Starting Data Connect Emulator with command {"binary":"/home/codespace/.cache/firebase/emulators/dataconnect-emulator-2.17.0","args":["--logtostderr","-v=2","dev","--listen=localhost:50002","--config_dir=/workspaces/studiofirebase/dataconnect","--enable_output_schema_extensions=true","--enable_output_generated_sdk=true"],"optionalArgs":["listen","config_dir","enable_output_schema_extensions","enable_output_generated_sdk"],"joinArgs":true,"shell":false,"port":9399} {"metadata":{"emulator":{"name":"dataconnect"},"message":"Starting Data Connect Emulator with command {\"binary\":\"/home/codespace/.cache/firebase/emulators/dataconnect-emulator-2.17.0\",\"args\":[\"--logtostderr\",\"-v=2\",\"dev\",\"--listen=localhost:50002\",\"--config_dir=/workspaces/studiofirebase/dataconnect\",\"--enable_output_schema_extensions=true\",\"--enable_output_generated_sdk=true\"],\"optionalArgs\":[\"listen\",\"config_dir\",\"enable_output_schema_extensions\",\"enable_output_generated_sdk\"],\"joinArgs\":true,\"shell\":false,\"port\":9399}"}}
[info] i  dataconnect: Data Connect Emulator logging to dataconnect-debug.log {"metadata":{"emulator":{"name":"dataconnect"},"message":"Data Connect Emulator logging to dataconnect-debug.log"}}
[debug] [2025-11-13T23:35:01.655Z] I1113 23:35:01.484680   31390 load.go:31] Reloading schema and connectors...
I1113 23:35:01.519425   31390 control.go:94] [/emulator/facepass-afhid-service 0405] UpdateResources(): done
Main schema: sources: schema/schema.gql [2088B] 
Connector "default": sources: example/mutations.gql [1301B] example/queries.gql [1947B] 
I1113 23:35:01.571075   31390 codegen.go:80] [connector "default" javascriptSdk] Generating sources into "/workspaces/studiofirebase/src/dataconnect-generated"
I1113 23:35:01.584876   31390 codegen.go:80] [connector "default" javascriptSdk] Generating sources into "/workspaces/studiofirebase/functions/src/dataconnect-generated"
I1113 23:35:01.592609   31390 codegen.go:80] [connector "default" javascriptSdk] Generating sources into "/workspaces/studiofirebase/functions/src/src/dataconnect-generated"
I1113 23:35:01.597067   31390 collector.go:107] schema extensions wrote into "/workspaces/studiofirebase/dataconnect/.dataconnect/schema"
Generated sources: prelude.gql [73219B] 
I1113 23:35:01.601463   31390 collector.go:107] connector "default" javascriptSdk wrote into "/workspaces/studiofirebase/src/dataconnect-generated"
Generated sources: README.md [2876B] react/package.json [460B] react/esm/index.esm.js [0B] react/index.cjs.js [0B] react/README.md [5454B] index.d.ts [248B] react/esm/package.json [17B] .guides/setup.md [1682B] esm/index.esm.js [125B] esm/package.json [17B] react/index.d.ts [228B] .guides/usage.md [1318B] .guides/config.json [236B] index.cjs.js [160B] package.json [863B] 
I1113 23:35:01.634156   31390 installsdk.go:55] Package @dataconnect/generated is already installed. Skipping installation
I1113 23:35:01.639694   31390 collector.go:107] connector "default" javascriptSdk wrote into "/workspaces/studiofirebase/functions/src/dataconnect-generated"
Generated sources: esm/index.esm.js [125B] esm/package.json [17B] index.cjs.js [160B] README.md [2749B] index.d.ts [248B] package.json [637B] .guides/usage.md [431B] .guides/setup.md [584B] .guides/config.json [236B] 
I1113 23:35:01.640075   31390 installsdk.go:55] Package @dataconnect/generated is already installed. Skipping installation
I1113 23:35:01.644475   31390 collector.go:107] connector "default" javascriptSdk wrote into "/workspaces/studiofirebase/functions/src/src/dataconnect-generated"
Generated sources: README.md [2749B] .guides/setup.md [584B] .guides/config.json [236B] package.json [637B] .guides/usage.md [431B] index.d.ts [248B] esm/index.esm.js [125B] esm/package.json [17B] index.cjs.js [160B] 
I1113 23:35:01.644729   31390 installsdk.go:55] Package @dataconnect/generated is already installed. Skipping installation
I1113 23:35:01.645658   31390 load.go:109] Finished reloading
I1113 23:35:01.646297   31390 dev.go:105] Listening on address (HTTP + gRPC): 127.0.0.1:50002
 {"metadata":{"emulator":{"name":"dataconnect"},"message":"I1113 23:35:01.484680   31390 load.go:31] Reloading schema and connectors...\nI1113 23:35:01.519425   31390 control.go:94] [/emulator/facepass-afhid-service 0405] UpdateResources(): done\nMain schema: sources: schema/schema.gql [2088B] \nConnector \"default\": sources: example/mutations.gql [1301B] example/queries.gql [1947B] \nI1113 23:35:01.571075   31390 codegen.go:80] [connector \"default\" javascriptSdk] Generating sources into \"/workspaces/studiofirebase/src/dataconnect-generated\"\nI1113 23:35:01.584876   31390 codegen.go:80] [connector \"default\" javascriptSdk] Generating sources into \"/workspaces/studiofirebase/functions/src/dataconnect-generated\"\nI1113 23:35:01.592609   31390 codegen.go:80] [connector \"default\" javascriptSdk] Generating sources into \"/workspaces/studiofirebase/functions/src/src/dataconnect-generated\"\nI1113 23:35:01.597067   31390 collector.go:107] schema extensions wrote into \"/workspaces/studiofirebase/dataconnect/.dataconnect/schema\"\nGenerated sources: prelude.gql [73219B] \nI1113 23:35:01.601463   31390 collector.go:107] connector \"default\" javascriptSdk wrote into \"/workspaces/studiofirebase/src/dataconnect-generated\"\nGenerated sources: README.md [2876B] react/package.json [460B] react/esm/index.esm.js [0B] react/index.cjs.js [0B] react/README.md [5454B] index.d.ts [248B] react/esm/package.json [17B] .guides/setup.md [1682B] esm/index.esm.js [125B] esm/package.json [17B] react/index.d.ts [228B] .guides/usage.md [1318B] .guides/config.json [236B] index.cjs.js [160B] package.json [863B] \nI1113 23:35:01.634156   31390 installsdk.go:55] Package @dataconnect/generated is already installed. Skipping installation\nI1113 23:35:01.639694   31390 collector.go:107] connector \"default\" javascriptSdk wrote into \"/workspaces/studiofirebase/functions/src/dataconnect-generated\"\nGenerated sources: esm/index.esm.js [125B] esm/package.json [17B] index.cjs.js [160B] README.md [2749B] index.d.ts [248B] package.json [637B] .guides/usage.md [431B] .guides/setup.md [584B] .guides/config.json [236B] \nI1113 23:35:01.640075   31390 installsdk.go:55] Package @dataconnect/generated is already installed. Skipping installation\nI1113 23:35:01.644475   31390 collector.go:107] connector \"default\" javascriptSdk wrote into \"/workspaces/studiofirebase/functions/src/src/dataconnect-generated\"\nGenerated sources: README.md [2749B] .guides/setup.md [584B] .guides/config.json [236B] package.json [637B] .guides/usage.md [431B] index.d.ts [248B] esm/index.esm.js [125B] esm/package.json [17B] index.cjs.js [160B] \nI1113 23:35:01.644729   31390 installsdk.go:55] Package @dataconnect/generated is already installed. Skipping installation\nI1113 23:35:01.645658   31390 load.go:109] Finished reloading\nI1113 23:35:01.646297   31390 dev.go:105] Listening on address (HTTP + gRPC): 127.0.0.1:50002\n"}}
[debug] [2025-11-13T23:35:01.782Z] I1113 23:35:01.781974   31390 engine.go:171] [/emulator/facepass-afhid-service 0405] ExecuteGraphqlRead IntrospectionQuery: succeeded. 
 {"metadata":{"emulator":{"name":"dataconnect"},"message":"I1113 23:35:01.781974   31390 engine.go:171] [/emulator/facepass-afhid-service 0405] ExecuteGraphqlRead IntrospectionQuery: succeeded. \n"}}
[debug] [2025-11-13T23:39:33.850Z] [Firebase Plugin] Activating Firebase extension.
[debug] [2025-11-13T23:39:35.279Z] [Firebase Plugin] requireAuthWrapper
[debug] [2025-11-13T23:39:35.281Z] > command requires scopes: ["email","openid","https://www.googleapis.com/auth/cloudplatformprojects.readonly","https://www.googleapis.com/auth/firebase","https://www.googleapis.com/auth/cloud-platform"]
[debug] [2025-11-13T23:39:35.304Z] [Firebase Plugin] VSCode notification server listening on port 40003
[error] [Firebase Plugin] requireAuth error: Could not load the default credentials. Browse to https://cloud.google.com/docs/authentication/getting-started for more information.
[info] [Firebase Plugin] Starting Data Connect toolkit (version 2.17.0) on port 50003
[debug] [2025-11-13T23:39:49.825Z] I1113 23:39:49.814221   34478 control.go:94] [/emulator/facepass-afhid-service 445c] UpdateResources(): done
Main schema: sources: schema/schema.gql [2088B] 
Connector "default": sources: example/mutations.gql [1301B] example/queries.gql [1947B] 
 {"metadata":{"emulator":{"name":"dataconnect"},"message":"I1113 23:39:49.814221   34478 control.go:94] [/emulator/facepass-afhid-service 445c] UpdateResources(): done\nMain schema: sources: schema/schema.gql [2088B] \nConnector \"default\": sources: example/mutations.gql [1301B] example/queries.gql [1947B] \n"}}
[debug] [2025-11-13T23:39:49.826Z] Ignoring unsupported arg: auto_download {"metadata":{"emulator":{"name":"dataconnect"},"message":"Ignoring unsupported arg: auto_download"}}
[debug] [2025-11-13T23:39:49.826Z] Ignoring unsupported arg: port {"metadata":{"emulator":{"name":"dataconnect"},"message":"Ignoring unsupported arg: port"}}
[debug] [2025-11-13T23:39:49.827Z] Starting Data Connect Emulator with command {"binary":"/home/codespace/.cache/firebase/emulators/dataconnect-emulator-2.17.0","args":["--logtostderr","-v=2","dev","--listen=localhost:50003","--config_dir=/workspaces/studiofirebase/dataconnect","--enable_output_schema_extensions=true","--enable_output_generated_sdk=true"],"optionalArgs":["listen","config_dir","enable_output_schema_extensions","enable_output_generated_sdk"],"joinArgs":true,"shell":false,"port":9399} {"metadata":{"emulator":{"name":"dataconnect"},"message":"Starting Data Connect Emulator with command {\"binary\":\"/home/codespace/.cache/firebase/emulators/dataconnect-emulator-2.17.0\",\"args\":[\"--logtostderr\",\"-v=2\",\"dev\",\"--listen=localhost:50003\",\"--config_dir=/workspaces/studiofirebase/dataconnect\",\"--enable_output_schema_extensions=true\",\"--enable_output_generated_sdk=true\"],\"optionalArgs\":[\"listen\",\"config_dir\",\"enable_output_schema_extensions\",\"enable_output_generated_sdk\"],\"joinArgs\":true,\"shell\":false,\"port\":9399}"}}
[info] i  dataconnect: Data Connect Emulator logging to dataconnect-debug.log {"metadata":{"emulator":{"name":"dataconnect"},"message":"Data Connect Emulator logging to dataconnect-debug.log"}}
[debug] [2025-11-13T23:39:49.868Z] I1113 23:39:49.858992   34485 load.go:31] Reloading schema and connectors...
 {"metadata":{"emulator":{"name":"dataconnect"},"message":"I1113 23:39:49.858992   34485 load.go:31] Reloading schema and connectors...\n"}}
[debug] [2025-11-13T23:39:49.890Z] I1113 23:39:49.879875   34485 control.go:94] [/emulator/facepass-afhid-service b6f7] UpdateResources(): done
Main schema: sources: schema/schema.gql [2088B] 
Connector "default": sources: example/mutations.gql [1301B] example/queries.gql [1947B] 
 {"metadata":{"emulator":{"name":"dataconnect"},"message":"I1113 23:39:49.879875   34485 control.go:94] [/emulator/facepass-afhid-service b6f7] UpdateResources(): done\nMain schema: sources: schema/schema.gql [2088B] \nConnector \"default\": sources: example/mutations.gql [1301B] example/queries.gql [1947B] \n"}}
[debug] [2025-11-13T23:39:49.938Z] I1113 23:39:49.904262   34485 codegen.go:80] [connector "default" javascriptSdk] Generating sources into "/workspaces/studiofirebase/src/dataconnect-generated"
I1113 23:39:49.915156   34485 codegen.go:80] [connector "default" javascriptSdk] Generating sources into "/workspaces/studiofirebase/functions/src/dataconnect-generated"
I1113 23:39:49.918673   34485 codegen.go:80] [connector "default" javascriptSdk] Generating sources into "/workspaces/studiofirebase/functions/src/src/dataconnect-generated"
I1113 23:39:49.923280   34485 collector.go:107] schema extensions wrote into "/workspaces/studiofirebase/dataconnect/.dataconnect/schema"
Generated sources: prelude.gql [73219B] 
 {"metadata":{"emulator":{"name":"dataconnect"},"message":"I1113 23:39:49.904262   34485 codegen.go:80] [connector \"default\" javascriptSdk] Generating sources into \"/workspaces/studiofirebase/src/dataconnect-generated\"\nI1113 23:39:49.915156   34485 codegen.go:80] [connector \"default\" javascriptSdk] Generating sources into \"/workspaces/studiofirebase/functions/src/dataconnect-generated\"\nI1113 23:39:49.918673   34485 codegen.go:80] [connector \"default\" javascriptSdk] Generating sources into \"/workspaces/studiofirebase/functions/src/src/dataconnect-generated\"\nI1113 23:39:49.923280   34485 collector.go:107] schema extensions wrote into \"/workspaces/studiofirebase/dataconnect/.dataconnect/schema\"\nGenerated sources: prelude.gql [73219B] \n"}}
[debug] [2025-11-13T23:39:49.943Z] I1113 23:39:49.943417   34485 collector.go:107] connector "default" javascriptSdk wrote into "/workspaces/studiofirebase/src/dataconnect-generated"
Generated sources: .guides/usage.md [1318B] index.cjs.js [160B] README.md [2876B] react/index.d.ts [228B] react/package.json [460B] react/esm/package.json [17B] react/README.md [5454B] .guides/setup.md [1682B] index.d.ts [248B] esm/index.esm.js [125B] esm/package.json [17B] package.json [863B] .guides/config.json [236B] react/esm/index.esm.js [0B] react/index.cjs.js [0B] 
 {"metadata":{"emulator":{"name":"dataconnect"},"message":"I1113 23:39:49.943417   34485 collector.go:107] connector \"default\" javascriptSdk wrote into \"/workspaces/studiofirebase/src/dataconnect-generated\"\nGenerated sources: .guides/usage.md [1318B] index.cjs.js [160B] README.md [2876B] react/index.d.ts [228B] react/package.json [460B] react/esm/package.json [17B] react/README.md [5454B] .guides/setup.md [1682B] index.d.ts [248B] esm/index.esm.js [125B] esm/package.json [17B] package.json [863B] .guides/config.json [236B] react/esm/index.esm.js [0B] react/index.cjs.js [0B] \n"}}
[debug] [2025-11-13T23:39:49.957Z] I1113 23:39:49.956585   34485 installsdk.go:55] Package @dataconnect/generated is already installed. Skipping installation
 {"metadata":{"emulator":{"name":"dataconnect"},"message":"I1113 23:39:49.956585   34485 installsdk.go:55] Package @dataconnect/generated is already installed. Skipping installation\n"}}
[debug] [2025-11-13T23:39:49.961Z] I1113 23:39:49.960861   34485 collector.go:107] connector "default" javascriptSdk wrote into "/workspaces/studiofirebase/functions/src/dataconnect-generated"
Generated sources: esm/package.json [17B] index.cjs.js [160B] package.json [637B] README.md [2749B] .guides/setup.md [584B] .guides/config.json [236B] index.d.ts [248B] esm/index.esm.js [125B] .guides/usage.md [431B] 
 {"metadata":{"emulator":{"name":"dataconnect"},"message":"I1113 23:39:49.960861   34485 collector.go:107] connector \"default\" javascriptSdk wrote into \"/workspaces/studiofirebase/functions/src/dataconnect-generated\"\nGenerated sources: esm/package.json [17B] index.cjs.js [160B] package.json [637B] README.md [2749B] .guides/setup.md [584B] .guides/config.json [236B] index.d.ts [248B] esm/index.esm.js [125B] .guides/usage.md [431B] \n"}}
[debug] [2025-11-13T23:39:49.977Z] I1113 23:39:49.976700   34485 installsdk.go:55] Package @dataconnect/generated is already installed. Skipping installation
 {"metadata":{"emulator":{"name":"dataconnect"},"message":"I1113 23:39:49.976700   34485 installsdk.go:55] Package @dataconnect/generated is already installed. Skipping installation\n"}}
[debug] [2025-11-13T23:39:49.980Z] I1113 23:39:49.979441   34485 collector.go:107] connector "default" javascriptSdk wrote into "/workspaces/studiofirebase/functions/src/src/dataconnect-generated"
Generated sources: index.d.ts [248B] esm/index.esm.js [125B] esm/package.json [17B] index.cjs.js [160B] README.md [2749B] .guides/config.json [236B] package.json [637B] .guides/usage.md [431B] .guides/setup.md [584B] 
 {"metadata":{"emulator":{"name":"dataconnect"},"message":"I1113 23:39:49.979441   34485 collector.go:107] connector \"default\" javascriptSdk wrote into \"/workspaces/studiofirebase/functions/src/src/dataconnect-generated\"\nGenerated sources: index.d.ts [248B] esm/index.esm.js [125B] esm/package.json [17B] index.cjs.js [160B] README.md [2749B] .guides/config.json [236B] package.json [637B] .guides/usage.md [431B] .guides/setup.md [584B] \n"}}
[debug] [2025-11-13T23:39:49.983Z] I1113 23:39:49.983111   34485 installsdk.go:55] Package @dataconnect/generated is already installed. Skipping installation
I1113 23:39:49.983174   34485 load.go:109] Finished reloading
 {"metadata":{"emulator":{"name":"dataconnect"},"message":"I1113 23:39:49.983111   34485 installsdk.go:55] Package @dataconnect/generated is already installed. Skipping installation\nI1113 23:39:49.983174   34485 load.go:109] Finished reloading\n"}}
[debug] [2025-11-13T23:39:49.984Z] I1113 23:39:49.984066   34485 dev.go:105] Listening on address (HTTP + gRPC): 127.0.0.1:50003
 {"metadata":{"emulator":{"name":"dataconnect"},"message":"I1113 23:39:49.984066   34485 dev.go:105] Listening on address (HTTP + gRPC): 127.0.0.1:50003\n"}}
[debug] [2025-11-13T23:39:50.160Z] I1113 23:39:50.158879   34485 engine.go:171] [/emulator/facepass-afhid-service b6f7] ExecuteGraphqlRead IntrospectionQuery: succeeded. 
 {"metadata":{"emulator":{"name":"dataconnect"},"message":"I1113 23:39:50.158879   34485 engine.go:171] [/emulator/facepass-afhid-service b6f7] ExecuteGraphqlRead IntrospectionQuery: succeeded. \n"}}
[info] [Firebase Plugin] Stopping Data Connect toolkit
[warn] ⚠  Data Connect Emulator has exited upon receiving signal: SIGINT 
